  BUENAS PRACTICAS 17_10_22.cpp
C:\Users\Alumno\Desktop\German\BUENAS PRACTICAS 17_10_22\BUENAS PRACTICAS 17_10_22.cpp(13,6): error C2065: 'color_CP1': identificador no declarado
C:\Users\Alumno\Desktop\German\BUENAS PRACTICAS 17_10_22\BUENAS PRACTICAS 17_10_22.cpp(15,63): error C2679: '<<' binario: no se encontró un operador que adopte un operando en la parte derecha de tipo 'overloaded-function' (o bien no existe una conversión aceptable)
C:\Program Files\Microsoft Visual Studio\2022\Community\VC\Tools\MSVC\14.33.31629\include\ostream(475,39): message : puede ser 'std::basic_ostream<char,std::char_traits<char>> &std::basic_ostream<char,std::char_traits<char>>::operator <<(std::basic_streambuf<char,std::char_traits<char>> *)'
C:\Program Files\Microsoft Visual Studio\2022\Community\VC\Tools\MSVC\14.33.31629\include\ostream(443,39): message : o       'std::basic_ostream<char,std::char_traits<char>> &std::basic_ostream<char,std::char_traits<char>>::operator <<(const void *)'
C:\Program Files\Microsoft Visual Studio\2022\Community\VC\Tools\MSVC\14.33.31629\include\ostream(425,39): message : o       'std::basic_ostream<char,std::char_traits<char>> &std::basic_ostream<char,std::char_traits<char>>::operator <<(long double)'
C:\Program Files\Microsoft Visual Studio\2022\Community\VC\Tools\MSVC\14.33.31629\include\ostream(407,39): message : o       'std::basic_ostream<char,std::char_traits<char>> &std::basic_ostream<char,std::char_traits<char>>::operator <<(double)'
C:\Program Files\Microsoft Visual Studio\2022\Community\VC\Tools\MSVC\14.33.31629\include\ostream(389,39): message : o       'std::basic_ostream<char,std::char_traits<char>> &std::basic_ostream<char,std::char_traits<char>>::operator <<(float)'
C:\Program Files\Microsoft Visual Studio\2022\Community\VC\Tools\MSVC\14.33.31629\include\ostream(371,39): message : o       'std::basic_ostream<char,std::char_traits<char>> &std::basic_ostream<char,std::char_traits<char>>::operator <<(unsigned __int64)'
C:\Program Files\Microsoft Visual Studio\2022\Community\VC\Tools\MSVC\14.33.31629\include\ostream(353,39): message : o       'std::basic_ostream<char,std::char_traits<char>> &std::basic_ostream<char,std::char_traits<char>>::operator <<(__int64)'
C:\Program Files\Microsoft Visual Studio\2022\Community\VC\Tools\MSVC\14.33.31629\include\ostream(335,39): message : o       'std::basic_ostream<char,std::char_traits<char>> &std::basic_ostream<char,std::char_traits<char>>::operator <<(unsigned long)'
C:\Program Files\Microsoft Visual Studio\2022\Community\VC\Tools\MSVC\14.33.31629\include\ostream(317,39): message : o       'std::basic_ostream<char,std::char_traits<char>> &std::basic_ostream<char,std::char_traits<char>>::operator <<(long)'
C:\Program Files\Microsoft Visual Studio\2022\Community\VC\Tools\MSVC\14.33.31629\include\ostream(298,39): message : o       'std::basic_ostream<char,std::char_traits<char>> &std::basic_ostream<char,std::char_traits<char>>::operator <<(unsigned int)'
C:\Program Files\Microsoft Visual Studio\2022\Community\VC\Tools\MSVC\14.33.31629\include\ostream(272,39): message : o       'std::basic_ostream<char,std::char_traits<char>> &std::basic_ostream<char,std::char_traits<char>>::operator <<(int)'
C:\Program Files\Microsoft Visual Studio\2022\Community\VC\Tools\MSVC\14.33.31629\include\ostream(253,39): message : o       'std::basic_ostream<char,std::char_traits<char>> &std::basic_ostream<char,std::char_traits<char>>::operator <<(unsigned short)'
C:\Program Files\Microsoft Visual Studio\2022\Community\VC\Tools\MSVC\14.33.31629\include\ostream(219,39): message : o       'std::basic_ostream<char,std::char_traits<char>> &std::basic_ostream<char,std::char_traits<char>>::operator <<(short)'
C:\Program Files\Microsoft Visual Studio\2022\Community\VC\Tools\MSVC\14.33.31629\include\ostream(201,39): message : o       'std::basic_ostream<char,std::char_traits<char>> &std::basic_ostream<char,std::char_traits<char>>::operator <<(bool)'
C:\Program Files\Microsoft Visual Studio\2022\Community\VC\Tools\MSVC\14.33.31629\include\ostream(195,39): message : o       'std::basic_ostream<char,std::char_traits<char>> &std::basic_ostream<char,std::char_traits<char>>::operator <<(std::ios_base &(__cdecl *)(std::ios_base &))'
C:\Program Files\Microsoft Visual Studio\2022\Community\VC\Tools\MSVC\14.33.31629\include\ostream(189,39): message : o       'std::basic_ostream<char,std::char_traits<char>> &std::basic_ostream<char,std::char_traits<char>>::operator <<(std::basic_ios<char,std::char_traits<char>> &(__cdecl *)(std::basic_ios<char,std::char_traits<char>> &))'
C:\Program Files\Microsoft Visual Studio\2022\Community\VC\Tools\MSVC\14.33.31629\include\ostream(184,39): message : o       'std::basic_ostream<char,std::char_traits<char>> &std::basic_ostream<char,std::char_traits<char>>::operator <<(std::basic_ostream<char,std::char_traits<char>> &(__cdecl *)(std::basic_ostream<char,std::char_traits<char>> &))'
C:\Program Files\Microsoft Visual Studio\2022\Community\VC\Tools\MSVC\14.33.31629\include\ostream(844,32): message : o       'std::basic_ostream<char,std::char_traits<char>> &std::operator <<<char,std::char_traits<char>>(std::basic_ostream<char,std::char_traits<char>> &,const _Elem *)'
          with
          [
              _Elem=char
          ]
C:\Program Files\Microsoft Visual Studio\2022\Community\VC\Tools\MSVC\14.33.31629\include\ostream(887,32): message : o       'std::basic_ostream<char,std::char_traits<char>> &std::operator <<<char,std::char_traits<char>>(std::basic_ostream<char,std::char_traits<char>> &,_Elem)'
          with
          [
              _Elem=char
          ]
C:\Users\Alumno\Desktop\German\BUENAS PRACTICAS 17_10_22\BUENAS PRACTICAS 17_10_22.cpp(15,63): message : al hacer coincidir la lista de argumentos '(std::basic_ostream<char,std::char_traits<char>>, overloaded-function)'
C:\Users\Alumno\Desktop\German\BUENAS PRACTICAS 17_10_22\BUENAS PRACTICAS 17_10_22.cpp(15,63): error C2059: error de sintaxis: ';'
C:\Users\Alumno\Desktop\German\BUENAS PRACTICAS 17_10_22\BUENAS PRACTICAS 17_10_22.cpp(16,8): error C2065: 'color_OP1': identificador no declarado
C:\Users\Alumno\Desktop\German\BUENAS PRACTICAS 17_10_22\BUENAS PRACTICAS 17_10_22.cpp(26,5): error C2059: error de sintaxis: ')'
C:\Users\Alumno\Desktop\German\BUENAS PRACTICAS 17_10_22\BUENAS PRACTICAS 17_10_22.cpp(32,1): error C2059: error de sintaxis: 'for'
C:\Users\Alumno\Desktop\German\BUENAS PRACTICAS 17_10_22\BUENAS PRACTICAS 17_10_22.cpp(32,1): error C2143: error de sintaxis: falta ')' delante de ';'
C:\Users\Alumno\Desktop\German\BUENAS PRACTICAS 17_10_22\BUENAS PRACTICAS 17_10_22.cpp(32,19): error C2143: error de sintaxis: falta ';' delante de '<'
C:\Users\Alumno\Desktop\German\BUENAS PRACTICAS 17_10_22\BUENAS PRACTICAS 17_10_22.cpp(32,19): error C4430: falta el especificador de tipo; se presupone int. Nota: C++ no admite default-int
C:\Users\Alumno\Desktop\German\BUENAS PRACTICAS 17_10_22\BUENAS PRACTICAS 17_10_22.cpp(32,25): error C2143: error de sintaxis: falta ';' delante de '++'
C:\Users\Alumno\Desktop\German\BUENAS PRACTICAS 17_10_22\BUENAS PRACTICAS 17_10_22.cpp(32,25): error C4430: falta el especificador de tipo; se presupone int. Nota: C++ no admite default-int
C:\Users\Alumno\Desktop\German\BUENAS PRACTICAS 17_10_22\BUENAS PRACTICAS 17_10_22.cpp(32,24): error C2086: 'int i': nueva definición
C:\Users\Alumno\Desktop\German\BUENAS PRACTICAS 17_10_22\BUENAS PRACTICAS 17_10_22.cpp(32): message : vea la declaración de 'i'
C:\Users\Alumno\Desktop\German\BUENAS PRACTICAS 17_10_22\BUENAS PRACTICAS 17_10_22.cpp(32,27): error C2059: error de sintaxis: ')'
C:\Users\Alumno\Desktop\German\BUENAS PRACTICAS 17_10_22\BUENAS PRACTICAS 17_10_22.cpp(34,1): error C2143: error de sintaxis: falta ';' delante de '{'
C:\Users\Alumno\Desktop\German\BUENAS PRACTICAS 17_10_22\BUENAS PRACTICAS 17_10_22.cpp(34,1): error C2447: '{': falta el encabezado de función (¿lista formal de estilo anterior?)
