  ConsoleApplication6.cpp
C:\Users\Alumno\Desktop\German\ConsoleApplication6\ConsoleApplication6\ConsoleApplication6.cpp(17,74): error C2676: '<<' binario: 'std::istream' no define este operador o una conversión a un tipo aceptable para el operador predefinido
C:\Program Files\Microsoft Visual Studio\2022\Community\VC\Tools\MSVC\14.33.31629\include\xstring(5254,32): message : puede ser 'std::basic_ostream<_Elem,_Traits> &std::operator <<(std::basic_ostream<_Elem,_Traits> &,const std::basic_string<_Elem,_Traits,_Alloc> &)'
C:\Users\Alumno\Desktop\German\ConsoleApplication6\ConsoleApplication6\ConsoleApplication6.cpp(17,74): error C2784: 'std::basic_ostream<_Elem,_Traits> &std::operator <<(std::basic_ostream<_Elem,_Traits> &,const std::basic_string<_Elem,_Traits,_Alloc> &)': no se pudo deducir el argumento plantilla para 'std::basic_ostream<_Elem,_Traits> &' de 'std::istream'
C:\Program Files\Microsoft Visual Studio\2022\Community\VC\Tools\MSVC\14.33.31629\include\xstring(5254): message : vea la declaración de 'std::operator <<'
C:\Users\Alumno\Desktop\German\ConsoleApplication6\ConsoleApplication6\ConsoleApplication6.cpp(17,74): error C2784: 'std::basic_ostream<_Elem,_Traits> &std::operator <<(std::basic_ostream<_Elem,_Traits> &,const std::shared_ptr<_Ty> &)': no se pudo deducir el argumento plantilla para 'std::basic_ostream<_Elem,_Traits> &' de 'std::istream'
C:\Users\Alumno\Desktop\German\ConsoleApplication6\ConsoleApplication6\ConsoleApplication6.cpp(17,74): error C2784: 'std::basic_ostream<_Elem,_Traits> &std::operator <<(std::basic_ostream<_Elem,_Traits> &,const std::unique_ptr<_Ty2,_Dx2> &)': no se pudo deducir el argumento plantilla para 'std::basic_ostream<_Elem,_Traits> &' de 'std::istream'
C:\Users\Alumno\Desktop\German\ConsoleApplication6\ConsoleApplication6\ConsoleApplication6.cpp(17,74): error C2784: 'std::basic_ostream<_Elem,_Traits> &std::operator <<(std::basic_ostream<_Elem,_Traits> &,const char *)': no se pudo deducir el argumento plantilla para 'std::basic_ostream<_Elem,_Traits> &' de 'std::istream'
C:\Users\Alumno\Desktop\German\ConsoleApplication6\ConsoleApplication6\ConsoleApplication6.cpp(17,74): error C2784: 'std::basic_ostream<_Elem,_Traits> &std::operator <<(std::basic_ostream<_Elem,_Traits> &,char)': no se pudo deducir el argumento plantilla para 'std::basic_ostream<_Elem,_Traits> &' de 'std::istream'
C:\Users\Alumno\Desktop\German\ConsoleApplication6\ConsoleApplication6\ConsoleApplication6.cpp(17,74): error C2784: 'std::basic_ostream<char,_Traits> &std::operator <<(std::basic_ostream<char,_Traits> &,const char *)': no se pudo deducir el argumento plantilla para 'std::basic_ostream<char,_Traits> &' de 'std::istream'
C:\Users\Alumno\Desktop\German\ConsoleApplication6\ConsoleApplication6\ConsoleApplication6.cpp(17,74): error C2784: 'std::basic_ostream<char,_Traits> &std::operator <<(std::basic_ostream<char,_Traits> &,char)': no se pudo deducir el argumento plantilla para 'std::basic_ostream<char,_Traits> &' de 'std::istream'
C:\Users\Alumno\Desktop\German\ConsoleApplication6\ConsoleApplication6\ConsoleApplication6.cpp(17,74): error C2784: 'std::basic_ostream<_Elem,_Traits> &std::operator <<(std::basic_ostream<_Elem,_Traits> &,const _Elem *)': no se pudo deducir el argumento plantilla para 'std::basic_ostream<_Elem,_Traits> &' de 'std::istream'
C:\Users\Alumno\Desktop\German\ConsoleApplication6\ConsoleApplication6\ConsoleApplication6.cpp(17,74): error C2784: 'std::basic_ostream<_Elem,_Traits> &std::operator <<(std::basic_ostream<_Elem,_Traits> &,_Elem)': no se pudo deducir el argumento plantilla para 'std::basic_ostream<_Elem,_Traits> &' de 'std::istream'
C:\Users\Alumno\Desktop\German\ConsoleApplication6\ConsoleApplication6\ConsoleApplication6.cpp(17,74): error C2784: 'std::basic_ostream<char,_Traits> &std::operator <<(std::basic_ostream<char,_Traits> &,const signed char *)': no se pudo deducir el argumento plantilla para 'std::basic_ostream<char,_Traits> &' de 'std::istream'
C:\Users\Alumno\Desktop\German\ConsoleApplication6\ConsoleApplication6\ConsoleApplication6.cpp(17,74): error C2784: 'std::basic_ostream<char,_Traits> &std::operator <<(std::basic_ostream<char,_Traits> &,signed char)': no se pudo deducir el argumento plantilla para 'std::basic_ostream<char,_Traits> &' de 'std::istream'
C:\Users\Alumno\Desktop\German\ConsoleApplication6\ConsoleApplication6\ConsoleApplication6.cpp(17,74): error C2784: 'std::basic_ostream<char,_Traits> &std::operator <<(std::basic_ostream<char,_Traits> &,const unsigned char *)': no se pudo deducir el argumento plantilla para 'std::basic_ostream<char,_Traits> &' de 'std::istream'
C:\Users\Alumno\Desktop\German\ConsoleApplication6\ConsoleApplication6\ConsoleApplication6.cpp(17,74): error C2784: 'std::basic_ostream<char,_Traits> &std::operator <<(std::basic_ostream<char,_Traits> &,unsigned char)': no se pudo deducir el argumento plantilla para 'std::basic_ostream<char,_Traits> &' de 'std::istream'
C:\Users\Alumno\Desktop\German\ConsoleApplication6\ConsoleApplication6\ConsoleApplication6.cpp(17): error C2783: '_Ostr &&std::operator <<(_Ostr &&,const _Ty &)': no se pudo deducir el argumento plantilla para '__formal'
C:\Users\Alumno\Desktop\German\ConsoleApplication6\ConsoleApplication6\ConsoleApplication6.cpp(17,74): error C2784: 'std::basic_ostream<_Elem,_Traits> &std::operator <<(std::basic_ostream<_Elem,_Traits> &,const std::error_code &)': no se pudo deducir el argumento plantilla para 'std::basic_ostream<_Elem,_Traits> &' de 'std::istream'
C:\Users\Alumno\Desktop\German\ConsoleApplication6\ConsoleApplication6\ConsoleApplication6.cpp(21,1): error C2059: error de sintaxis: 'if'
C:\Users\Alumno\Desktop\German\ConsoleApplication6\ConsoleApplication6\ConsoleApplication6.cpp(22,1): error C2143: error de sintaxis: falta ';' delante de '{'
C:\Users\Alumno\Desktop\German\ConsoleApplication6\ConsoleApplication6\ConsoleApplication6.cpp(22,1): error C2447: '{': falta el encabezado de función (¿lista formal de estilo anterior?)
C:\Users\Alumno\Desktop\German\ConsoleApplication6\ConsoleApplication6\ConsoleApplication6.cpp(28,1): error C2059: error de sintaxis: 'if'
C:\Users\Alumno\Desktop\German\ConsoleApplication6\ConsoleApplication6\ConsoleApplication6.cpp(29,1): error C2143: error de sintaxis: falta ';' delante de '{'
C:\Users\Alumno\Desktop\German\ConsoleApplication6\ConsoleApplication6\ConsoleApplication6.cpp(29,1): error C2447: '{': falta el encabezado de función (¿lista formal de estilo anterior?)
C:\Users\Alumno\Desktop\German\ConsoleApplication6\ConsoleApplication6\ConsoleApplication6.cpp(30,15): error C2001: nueva línea en constante
C:\Users\Alumno\Desktop\German\ConsoleApplication6\ConsoleApplication6\ConsoleApplication6.cpp(35,1): error C2059: error de sintaxis: 'if'
C:\Users\Alumno\Desktop\German\ConsoleApplication6\ConsoleApplication6\ConsoleApplication6.cpp(36,1): error C2143: error de sintaxis: falta ';' delante de '{'
C:\Users\Alumno\Desktop\German\ConsoleApplication6\ConsoleApplication6\ConsoleApplication6.cpp(36,1): error C2447: '{': falta el encabezado de función (¿lista formal de estilo anterior?)
C:\Users\Alumno\Desktop\German\ConsoleApplication6\ConsoleApplication6\ConsoleApplication6.cpp(37,15): error C2001: nueva línea en constante
C:\Users\Alumno\Desktop\German\ConsoleApplication6\ConsoleApplication6\ConsoleApplication6.cpp(42,11): error C2143: error de sintaxis: falta ';' delante de '<<'
C:\Users\Alumno\Desktop\German\ConsoleApplication6\ConsoleApplication6\ConsoleApplication6.cpp(42,11): error C4430: falta el especificador de tipo; se presupone int. Nota: C++ no admite default-int
C:\Users\Alumno\Desktop\German\ConsoleApplication6\ConsoleApplication6\ConsoleApplication6.cpp(42,6): error C2371: 'std::cout': nueva definición; tipos básicos distintos
C:\Program Files\Microsoft Visual Studio\2022\Community\VC\Tools\MSVC\14.33.31629\include\iostream(40): message : vea la declaración de 'std::cout'
C:\Users\Alumno\Desktop\German\ConsoleApplication6\ConsoleApplication6\ConsoleApplication6.cpp(44,1): error C2059: error de sintaxis: 'do'
C:\Users\Alumno\Desktop\German\ConsoleApplication6\ConsoleApplication6\ConsoleApplication6.cpp(45,1): error C2143: error de sintaxis: falta ';' delante de '{'
C:\Users\Alumno\Desktop\German\ConsoleApplication6\ConsoleApplication6\ConsoleApplication6.cpp(45,1): error C2447: '{': falta el encabezado de función (¿lista formal de estilo anterior?)
C:\Users\Alumno\Desktop\German\ConsoleApplication6\ConsoleApplication6\ConsoleApplication6.cpp(74,3): error C2059: error de sintaxis: 'while'
C:\Users\Alumno\Desktop\German\ConsoleApplication6\ConsoleApplication6\ConsoleApplication6.cpp(76,1): error C2059: error de sintaxis: '}'
C:\Users\Alumno\Desktop\German\ConsoleApplication6\ConsoleApplication6\ConsoleApplication6.cpp(76,1): error C2143: error de sintaxis: falta ';' delante de '}'
